
Showing logs for build [32mcb-kubecd-environment-pr-205-16-p9vks-1[0m stage [32mfrom-build-pack[0m and container [32mstep-credential-initializer-x6zs6[0m
{"level":"info","ts":1587462329.6054223,"logger":"fallback-logger","caller":"logging/config.go:69","msg":"Fetch GitHub commit ID from kodata failed: open /var/run/ko/refs/heads/0.8.0-ns-support: no such file or directory"}
{"level":"info","ts":1587462329.6061559,"logger":"fallback-logger","caller":"creds-init/main.go:40","msg":"Credentials initialized."}

Showing logs for build [32mcb-kubecd-environment-pr-205-16-p9vks-1[0m stage [32mfrom-build-pack[0m and container [32mstep-working-dir-initializer-65h7p[0m
{"level":"info","ts":1587462331.4350991,"logger":"fallback-logger","caller":"logging/config.go:69","msg":"Fetch GitHub commit ID from kodata failed: open /var/run/ko/HEAD: no such file or directory"}
{"level":"info","ts":1587462331.4364882,"logger":"fallback-logger","caller":"bash/main.go:64","msg":"Successfully executed command \"sh -c mkdir -p /workspace/source\"; output "}

Showing logs for build [32mcb-kubecd-environment-pr-205-16-p9vks-1[0m stage [32mfrom-build-pack[0m and container [32mstep-place-tools[0m

Showing logs for build [32mcb-kubecd-environment-pr-205-16-p9vks-1[0m stage [32mfrom-build-pack[0m and container [32mstep-git-source-cb-kubecd-environment-pr-205-16-p9vks-lvbhc[0m
{"level":"info","ts":1587462337.0455632,"logger":"fallback-logger","caller":"logging/config.go:69","msg":"Fetch GitHub commit ID from kodata failed: open /var/run/ko/refs/heads/0.8.0-ns-support: no such file or directory"}
{"level":"info","ts":1587462338.083628,"logger":"fallback-logger","caller":"git/git.go:103","msg":"Successfully cloned https://github.com/cb-kubecd/environment-pr-205-161-boot-gke-staging.git @ master in path /workspace/source"}

Showing logs for build [32mcb-kubecd-environment-pr-205-16-p9vks-1[0m stage [32mfrom-build-pack[0m and container [32mstep-git-merge[0m
Using SHAs from PULL_REFS=master:c537a9fe857cdfba1efd2a3f55779f55c8bb1eef,6:fec998a63c38bc967887cba48f9da11a445189e2
DEBUG: LC_ALL=C JX_LOG_LEVEL=error git fetch origin --unshallow fec998a63c38bc967887cba48f9da11a445189e2: c537a9fe857cdfba1efd2a3f55779f55c8bb1eef:
DEBUG: ran git fetch --unshallow origin fec998a63c38bc967887cba48f9da11a445189e2: c537a9fe857cdfba1efd2a3f55779f55c8bb1eef: in 
DEBUG: LC_ALL=C JX_LOG_LEVEL=error git branch
DEBUG: LC_ALL=C JX_LOG_LEVEL=error git checkout master
DEBUG: ran git checkout master in 
DEBUG: LC_ALL=C JX_LOG_LEVEL=error git reset --hard c537a9fe857cdfba1efd2a3f55779f55c8bb1eef
DEBUG: ran git reset --hard c537a9fe857cdfba1efd2a3f55779f55c8bb1eef in 
DEBUG: LC_ALL=C JX_LOG_LEVEL=error git clean -fd .
DEBUG: ran clean --force -d . in 
DEBUG: JX_LOG_LEVEL=error LC_ALL=C git merge fec998a63c38bc967887cba48f9da11a445189e2
DEBUG: ran git merge fec998a63c38bc967887cba48f9da11a445189e2 in 
DEBUG: LC_ALL=C JX_LOG_LEVEL=error git log --format=%H%x1f%an%x1f%ae%x1f%cn%x1f%ce%x1f%s%n%b%x1e c537a9fe857cdfba1efd2a3f55779f55c8bb1eef..HEAD
Merged SHA fec998a63c38bc967887cba48f9da11a445189e2 with commit message 'chore: Promote bdd-nh-import-1587461523 to version 0.0.1' into base branch master

Showing logs for build [32mcb-kubecd-environment-pr-205-16-p9vks-1[0m stage [32mfrom-build-pack[0m and container [32mstep-build-helm-build[0m
WARNING: No $CHART_REPOSITORY defined so using the default value of: http://jenkins-x-chartmuseum:8080
Adding missing Helm repo: storage.googleapis.com https://storage.googleapis.com/chartmuseum.jenkins-x.io
WARNING: No secrets found on "helm/repos" due: reading the secret "helm/repos" from vault: no secret "helm/repos" not found in vault
Read credentials for https://storage.googleapis.com/chartmuseum.jenkins-x.io from vault helm/repos
Successfully added Helm repository storage.googleapis.com.
Adding missing Helm repo: jenkins-x-chartmuseum http://jenkins-x-chartmuseum:8080
WARNING: No secrets found on "helm/repos" due: reading the secret "helm/repos" from vault: no secret "helm/repos" not found in vault
Read credentials for http://jenkins-x-chartmuseum:8080 from vault helm/repos
Successfully added Helm repository jenkins-x-chartmuseum.
WARNING: No $CHART_REPOSITORY defined so using the default value of: http://jenkins-x-chartmuseum:8080
Adding missing Helm repo: chartmuseum.jenkins-x.io http://chartmuseum.jenkins-x.io
WARNING: No secrets found on "helm/repos" due: reading the secret "helm/repos" from vault: no secret "helm/repos" not found in vault
Read credentials for http://chartmuseum.jenkins-x.io from vault helm/repos
Successfully added Helm repository chartmuseum.jenkins-x.io.
