
Showing logs for build [32mcb-kubecd-environment-pr-205-16-vn7v2-1[0m stage [32mfrom-build-pack[0m and container [32mstep-credential-initializer-smpkf[0m
{"level":"info","ts":1587460996.372207,"logger":"fallback-logger","caller":"logging/config.go:69","msg":"Fetch GitHub commit ID from kodata failed: open /var/run/ko/refs/heads/0.8.0-ns-support: no such file or directory"}
{"level":"info","ts":1587460996.3736691,"logger":"fallback-logger","caller":"creds-init/main.go:40","msg":"Credentials initialized."}

Showing logs for build [32mcb-kubecd-environment-pr-205-16-vn7v2-1[0m stage [32mfrom-build-pack[0m and container [32mstep-working-dir-initializer-5zj6f[0m
{"level":"info","ts":1587460997.4681304,"logger":"fallback-logger","caller":"logging/config.go:69","msg":"Fetch GitHub commit ID from kodata failed: open /var/run/ko/HEAD: no such file or directory"}
{"level":"info","ts":1587460997.473238,"logger":"fallback-logger","caller":"bash/main.go:64","msg":"Successfully executed command \"sh -c mkdir -p /workspace/source\"; output "}

Showing logs for build [32mcb-kubecd-environment-pr-205-16-vn7v2-1[0m stage [32mfrom-build-pack[0m and container [32mstep-place-tools[0m

Showing logs for build [32mcb-kubecd-environment-pr-205-16-vn7v2-1[0m stage [32mfrom-build-pack[0m and container [32mstep-git-source-cb-kubecd-environment-pr-205-16-vn7v2-kc9hw[0m
{"level":"info","ts":1587461003.7594712,"logger":"fallback-logger","caller":"logging/config.go:69","msg":"Fetch GitHub commit ID from kodata failed: open /var/run/ko/refs/heads/0.8.0-ns-support: no such file or directory"}
{"level":"info","ts":1587461004.8080642,"logger":"fallback-logger","caller":"git/git.go:103","msg":"Successfully cloned https://github.com/cb-kubecd/environment-pr-205-161-boot-gke-staging.git @ master in path /workspace/source"}

Showing logs for build [32mcb-kubecd-environment-pr-205-16-vn7v2-1[0m stage [32mfrom-build-pack[0m and container [32mstep-git-merge[0m
Using SHAs from PULL_REFS=master:28b0de39853d93d7b6e660319213d3f173769b2e,4:480edab0388e516e7d927ba7b86a390e042a47d2
DEBUG: LC_ALL=C JX_LOG_LEVEL=error git fetch origin --unshallow 480edab0388e516e7d927ba7b86a390e042a47d2: 28b0de39853d93d7b6e660319213d3f173769b2e:
DEBUG: ran git fetch --unshallow origin 480edab0388e516e7d927ba7b86a390e042a47d2: 28b0de39853d93d7b6e660319213d3f173769b2e: in 
DEBUG: LC_ALL=C JX_LOG_LEVEL=error git branch
DEBUG: LC_ALL=C JX_LOG_LEVEL=error git checkout master
DEBUG: ran git checkout master in 
DEBUG: JX_LOG_LEVEL=error LC_ALL=C git reset --hard 28b0de39853d93d7b6e660319213d3f173769b2e
DEBUG: ran git reset --hard 28b0de39853d93d7b6e660319213d3f173769b2e in 
DEBUG: JX_LOG_LEVEL=error LC_ALL=C git clean -fd .
DEBUG: ran clean --force -d . in 
DEBUG: JX_LOG_LEVEL=error LC_ALL=C git merge 480edab0388e516e7d927ba7b86a390e042a47d2
DEBUG: ran git merge 480edab0388e516e7d927ba7b86a390e042a47d2 in 
DEBUG: JX_LOG_LEVEL=error LC_ALL=C git log --format=%H%x1f%an%x1f%ae%x1f%cn%x1f%ce%x1f%s%n%b%x1e 28b0de39853d93d7b6e660319213d3f173769b2e..HEAD
Merged SHA 480edab0388e516e7d927ba7b86a390e042a47d2 with commit message 'chore: Promote bdd-gh-1587459186 to version 0.0.1' into base branch master

Showing logs for build [32mcb-kubecd-environment-pr-205-16-vn7v2-1[0m stage [32mfrom-build-pack[0m and container [32mstep-build-helm-build[0m
WARNING: No $CHART_REPOSITORY defined so using the default value of: http://jenkins-x-chartmuseum:8080
Adding missing Helm repo: storage.googleapis.com https://storage.googleapis.com/chartmuseum.jenkins-x.io
WARNING: No secrets found on "helm/repos" due: reading the secret "helm/repos" from vault: no secret "helm/repos" not found in vault
Read credentials for https://storage.googleapis.com/chartmuseum.jenkins-x.io from vault helm/repos
Successfully added Helm repository storage.googleapis.com.
Adding missing Helm repo: jenkins-x-chartmuseum http://jenkins-x-chartmuseum:8080
WARNING: No secrets found on "helm/repos" due: reading the secret "helm/repos" from vault: no secret "helm/repos" not found in vault
Read credentials for http://jenkins-x-chartmuseum:8080 from vault helm/repos
Successfully added Helm repository jenkins-x-chartmuseum.
WARNING: No $CHART_REPOSITORY defined so using the default value of: http://jenkins-x-chartmuseum:8080
Adding missing Helm repo: chartmuseum.jenkins-x.io http://chartmuseum.jenkins-x.io
WARNING: No secrets found on "helm/repos" due: reading the secret "helm/repos" from vault: no secret "helm/repos" not found in vault
Read credentials for http://chartmuseum.jenkins-x.io from vault helm/repos
Successfully added Helm repository chartmuseum.jenkins-x.io.
