
Showing logs for build [32mcb-kubecd-environment-pr-205-16-tw5ck-1[0m stage [32mfrom-build-pack[0m and container [32mstep-credential-initializer-n4lzz[0m
{"level":"info","ts":1587458352.9319448,"logger":"fallback-logger","caller":"logging/config.go:69","msg":"Fetch GitHub commit ID from kodata failed: open /var/run/ko/refs/heads/0.8.0-ns-support: no such file or directory"}
{"level":"info","ts":1587458352.9325984,"logger":"fallback-logger","caller":"creds-init/main.go:40","msg":"Credentials initialized."}

Showing logs for build [32mcb-kubecd-environment-pr-205-16-tw5ck-1[0m stage [32mfrom-build-pack[0m and container [32mstep-working-dir-initializer-sm98w[0m
{"level":"info","ts":1587458353.869091,"logger":"fallback-logger","caller":"logging/config.go:69","msg":"Fetch GitHub commit ID from kodata failed: open /var/run/ko/HEAD: no such file or directory"}
{"level":"info","ts":1587458353.870463,"logger":"fallback-logger","caller":"bash/main.go:64","msg":"Successfully executed command \"sh -c mkdir -p /workspace/source\"; output "}

Showing logs for build [32mcb-kubecd-environment-pr-205-16-tw5ck-1[0m stage [32mfrom-build-pack[0m and container [32mstep-place-tools[0m

Showing logs for build [32mcb-kubecd-environment-pr-205-16-tw5ck-1[0m stage [32mfrom-build-pack[0m and container [32mstep-git-source-cb-kubecd-environment-pr-205-16-tw5ck-pskz4[0m
{"level":"info","ts":1587458379.9049761,"logger":"fallback-logger","caller":"logging/config.go:69","msg":"Fetch GitHub commit ID from kodata failed: open /var/run/ko/refs/heads/0.8.0-ns-support: no such file or directory"}
{"level":"info","ts":1587458380.9365718,"logger":"fallback-logger","caller":"git/git.go:103","msg":"Successfully cloned https://github.com/cb-kubecd/environment-pr-205-161-boot-gke-staging.git @ master in path /workspace/source"}

Showing logs for build [32mcb-kubecd-environment-pr-205-16-tw5ck-1[0m stage [32mfrom-build-pack[0m and container [32mstep-git-merge[0m
Using SHAs from PULL_REFS=master:7123c7c0fe9fc2bd2cbdc639abc26bd189c3fac0,1:fa60073b64bdc1ee5f8a695fffa3badabca62325
DEBUG: LC_ALL=C JX_LOG_LEVEL=error git fetch origin --unshallow fa60073b64bdc1ee5f8a695fffa3badabca62325: 7123c7c0fe9fc2bd2cbdc639abc26bd189c3fac0:
DEBUG: ran git fetch --unshallow origin fa60073b64bdc1ee5f8a695fffa3badabca62325: 7123c7c0fe9fc2bd2cbdc639abc26bd189c3fac0: in 
DEBUG: LC_ALL=C JX_LOG_LEVEL=error git branch
DEBUG: LC_ALL=C JX_LOG_LEVEL=error git checkout master
DEBUG: ran git checkout master in 
DEBUG: LC_ALL=C JX_LOG_LEVEL=error git reset --hard 7123c7c0fe9fc2bd2cbdc639abc26bd189c3fac0
DEBUG: ran git reset --hard 7123c7c0fe9fc2bd2cbdc639abc26bd189c3fac0 in 
DEBUG: LC_ALL=C JX_LOG_LEVEL=error git clean -fd .
DEBUG: ran clean --force -d . in 
DEBUG: JX_LOG_LEVEL=error LC_ALL=C git merge fa60073b64bdc1ee5f8a695fffa3badabca62325
DEBUG: ran git merge fa60073b64bdc1ee5f8a695fffa3badabca62325 in 
DEBUG: LC_ALL=C JX_LOG_LEVEL=error git log --format=%H%x1f%an%x1f%ae%x1f%cn%x1f%ce%x1f%s%n%b%x1e 7123c7c0fe9fc2bd2cbdc639abc26bd189c3fac0..HEAD
Merged SHA fa60073b64bdc1ee5f8a695fffa3badabca62325 with commit message 'chore: Promote bdd-spring-1587457933 to version 0.0.1' into base branch master

Showing logs for build [32mcb-kubecd-environment-pr-205-16-tw5ck-1[0m stage [32mfrom-build-pack[0m and container [32mstep-build-helm-build[0m
WARNING: No $CHART_REPOSITORY defined so using the default value of: http://jenkins-x-chartmuseum:8080
Adding missing Helm repo: storage.googleapis.com https://storage.googleapis.com/chartmuseum.jenkins-x.io
WARNING: No secrets found on "helm/repos" due: reading the secret "helm/repos" from vault: no secret "helm/repos" not found in vault
Read credentials for https://storage.googleapis.com/chartmuseum.jenkins-x.io from vault helm/repos
Successfully added Helm repository storage.googleapis.com.
Adding missing Helm repo: jenkins-x-chartmuseum http://jenkins-x-chartmuseum:8080
WARNING: No secrets found on "helm/repos" due: reading the secret "helm/repos" from vault: no secret "helm/repos" not found in vault
Read credentials for http://jenkins-x-chartmuseum:8080 from vault helm/repos
Successfully added Helm repository jenkins-x-chartmuseum.
WARNING: No $CHART_REPOSITORY defined so using the default value of: http://jenkins-x-chartmuseum:8080
Adding missing Helm repo: chartmuseum.jenkins-x.io http://chartmuseum.jenkins-x.io
WARNING: No secrets found on "helm/repos" due: reading the secret "helm/repos" from vault: no secret "helm/repos" not found in vault
Read credentials for http://chartmuseum.jenkins-x.io from vault helm/repos
Successfully added Helm repository chartmuseum.jenkins-x.io.
